Java path /home/course/cs4225/cs4225_assign/lib/jdk-11
Hadoop path /home/course/cs4225/cs4225_assign/lib/hadoop-3.3.0
Compiling assignment 1
Deleting previous files
2023-02-26 21:06:10,722 INFO Configuration.deprecation: io.bytes.per.checksum is deprecated. Instead, use dfs.bytes-per-checksum
Deleted temp
Uploading input files
Submit job
2023-02-26 21:06:19,967 INFO impl.MetricsConfig: Loaded properties from hadoop-metrics2.properties
2023-02-26 21:06:20,109 INFO impl.MetricsSystemImpl: Scheduled Metric snapshot period at 10 second(s).
2023-02-26 21:06:20,109 INFO impl.MetricsSystemImpl: JobTracker metrics system started
2023-02-26 21:06:20,466 WARN mapreduce.JobResourceUploader: Hadoop command-line option parsing not performed. Implement the Tool interface and execute your application with ToolRunner to remedy this.
2023-02-26 21:06:21,264 INFO input.FileInputFormat: Total input files to process : 1
2023-02-26 21:06:22,359 INFO mapreduce.JobSubmitter: number of splits:1
2023-02-26 21:06:23,172 INFO mapreduce.JobSubmitter: Submitting tokens for job: job_local444974320_0001
2023-02-26 21:06:23,173 INFO mapreduce.JobSubmitter: Executing with tokens: []
2023-02-26 21:06:24,728 INFO mapreduce.Job: The url to track the job: http://localhost:8080/
2023-02-26 21:06:24,729 INFO mapreduce.Job: Running job: job_local444974320_0001
2023-02-26 21:06:24,741 INFO mapred.LocalJobRunner: OutputCommitter set in config null
2023-02-26 21:06:24,750 INFO output.FileOutputCommitter: File Output Committer Algorithm version is 2
2023-02-26 21:06:24,750 INFO output.FileOutputCommitter: FileOutputCommitter skip cleanup _temporary folders under output directory:false, ignore cleanup failures: false
2023-02-26 21:06:24,755 INFO mapred.LocalJobRunner: OutputCommitter is org.apache.hadoop.mapreduce.lib.output.FileOutputCommitter
2023-02-26 21:06:25,739 INFO mapreduce.Job: Job job_local444974320_0001 running in uber mode : false
2023-02-26 21:06:25,741 INFO mapreduce.Job:  map 0% reduce 0%
2023-02-26 21:06:25,800 INFO mapred.LocalJobRunner: Waiting for map tasks
2023-02-26 21:06:25,801 INFO mapred.LocalJobRunner: Starting task: attempt_local444974320_0001_m_000000_0
2023-02-26 21:06:25,835 INFO output.FileOutputCommitter: File Output Committer Algorithm version is 2
2023-02-26 21:06:25,839 INFO output.FileOutputCommitter: FileOutputCommitter skip cleanup _temporary folders under output directory:false, ignore cleanup failures: false
2023-02-26 21:06:25,974 INFO mapred.Task:  Using ResourceCalculatorProcessTree : [ ]
2023-02-26 21:06:25,982 INFO mapred.MapTask: Processing split: file:/home/n/nish-d/CodeAssignment_1_new/assign1_common_words/temp/input/stopwords.txt:0+4202
2023-02-26 21:06:26,070 INFO mapred.MapTask: (EQUATOR) 0 kvi 26214396(104857584)
2023-02-26 21:06:26,070 INFO mapred.MapTask: mapreduce.task.io.sort.mb: 100
2023-02-26 21:06:26,070 INFO mapred.MapTask: soft limit at 83886080
2023-02-26 21:06:26,070 INFO mapred.MapTask: bufstart = 0; bufvoid = 104857600
2023-02-26 21:06:26,070 INFO mapred.MapTask: kvstart = 26214396; length = 6553600
2023-02-26 21:06:26,074 INFO mapred.MapTask: Map output collector class = org.apache.hadoop.mapred.MapTask$MapOutputBuffer
2023-02-26 21:06:26,111 INFO mapred.LocalJobRunner: 
2023-02-26 21:06:26,111 INFO mapred.MapTask: Starting flush of map output
2023-02-26 21:06:26,931 INFO mapred.Task: Task:attempt_local444974320_0001_m_000000_0 is done. And is in the process of committing
2023-02-26 21:06:26,939 INFO mapred.LocalJobRunner: map
2023-02-26 21:06:26,940 INFO mapred.Task: Task 'attempt_local444974320_0001_m_000000_0' done.
2023-02-26 21:06:26,948 INFO mapred.Task: Final Counters for attempt_local444974320_0001_m_000000_0: Counters: 17
	File System Counters
		FILE: Number of bytes read=13464
		FILE: Number of bytes written=617946
		FILE: Number of read operations=0
		FILE: Number of large read operations=0
		FILE: Number of write operations=0
	Map-Reduce Framework
		Map input records=671
		Map output records=0
		Map output bytes=0
		Map output materialized bytes=6
		Input split bytes=151
		Combine input records=0
		Spilled Records=0
		Failed Shuffles=0
		Merged Map outputs=0
		GC time elapsed (ms)=0
		Total committed heap usage (bytes)=2109734912
	File Input Format Counters 
		Bytes Read=4250
2023-02-26 21:06:26,948 INFO mapred.LocalJobRunner: Finishing task: attempt_local444974320_0001_m_000000_0
2023-02-26 21:06:26,949 INFO mapred.LocalJobRunner: map task executor complete.
2023-02-26 21:06:26,953 INFO mapred.LocalJobRunner: Waiting for reduce tasks
2023-02-26 21:06:26,953 INFO mapred.LocalJobRunner: Starting task: attempt_local444974320_0001_r_000000_0
2023-02-26 21:06:26,969 INFO output.FileOutputCommitter: File Output Committer Algorithm version is 2
2023-02-26 21:06:26,969 INFO output.FileOutputCommitter: FileOutputCommitter skip cleanup _temporary folders under output directory:false, ignore cleanup failures: false
2023-02-26 21:06:26,969 INFO mapred.Task:  Using ResourceCalculatorProcessTree : [ ]
2023-02-26 21:06:26,976 INFO mapred.ReduceTask: Using ShuffleConsumerPlugin: org.apache.hadoop.mapreduce.task.reduce.Shuffle@8259304
2023-02-26 21:06:26,978 WARN impl.MetricsSystemImpl: JobTracker metrics system already initialized!
2023-02-26 21:06:27,007 INFO reduce.MergeManagerImpl: The max number of bytes for a single in-memory shuffle cannot be larger than Integer.MAX_VALUE. Setting it to Integer.MAX_VALUE
2023-02-26 21:06:27,008 INFO reduce.MergeManagerImpl: MergerManager: memoryLimit=22525089792, maxSingleShuffleLimit=2147483647, mergeThreshold=14866560000, ioSortFactor=10, memToMemMergeOutputsThreshold=10
2023-02-26 21:06:27,014 INFO reduce.EventFetcher: attempt_local444974320_0001_r_000000_0 Thread started: EventFetcher for fetching Map Completion Events
2023-02-26 21:06:27,060 INFO reduce.LocalFetcher: localfetcher#1 about to shuffle output of map attempt_local444974320_0001_m_000000_0 decomp: 2 len: 6 to MEMORY
2023-02-26 21:06:27,066 INFO reduce.InMemoryMapOutput: Read 2 bytes from map-output for attempt_local444974320_0001_m_000000_0
2023-02-26 21:06:27,070 INFO reduce.MergeManagerImpl: closeInMemoryFile -> map-output of size: 2, inMemoryMapOutputs.size() -> 1, commitMemory -> 0, usedMemory ->2
2023-02-26 21:06:27,074 INFO reduce.EventFetcher: EventFetcher is interrupted.. Returning
2023-02-26 21:06:27,076 INFO mapred.LocalJobRunner: 1 / 1 copied.
2023-02-26 21:06:27,076 INFO reduce.MergeManagerImpl: finalMerge called with 1 in-memory map-outputs and 0 on-disk map-outputs
2023-02-26 21:06:27,182 INFO mapred.Merger: Merging 1 sorted segments
2023-02-26 21:06:27,182 INFO mapred.Merger: Down to the last merge-pass, with 0 segments left of total size: 0 bytes
2023-02-26 21:06:27,283 INFO reduce.MergeManagerImpl: Merged 1 segments, 2 bytes to disk to satisfy reduce memory limit
2023-02-26 21:06:27,285 INFO reduce.MergeManagerImpl: Merging 1 files, 6 bytes from disk
2023-02-26 21:06:27,287 INFO reduce.MergeManagerImpl: Merging 0 segments, 0 bytes from memory into reduce
2023-02-26 21:06:27,287 INFO mapred.Merger: Merging 1 sorted segments
2023-02-26 21:06:27,318 INFO mapred.Merger: Down to the last merge-pass, with 0 segments left of total size: 0 bytes
2023-02-26 21:06:27,323 INFO mapred.LocalJobRunner: 1 / 1 copied.
2023-02-26 21:06:27,679 INFO Configuration.deprecation: mapred.skip.on is deprecated. Instead, use mapreduce.job.skiprecords
2023-02-26 21:06:27,727 INFO mapred.Task: Task:attempt_local444974320_0001_r_000000_0 is done. And is in the process of committing
2023-02-26 21:06:27,729 INFO mapred.LocalJobRunner: 1 / 1 copied.
2023-02-26 21:06:27,729 INFO mapred.Task: Task attempt_local444974320_0001_r_000000_0 is allowed to commit now
2023-02-26 21:06:27,753 INFO mapreduce.Job:  map 100% reduce 0%
2023-02-26 21:06:27,925 INFO output.FileOutputCommitter: Saved output of task 'attempt_local444974320_0001_r_000000_0' to file:/home/course/cs4225/cs4225_assign/temp/assign1_inter/A0242122Y/output_intermediate
2023-02-26 21:06:27,928 INFO mapred.LocalJobRunner: reduce > reduce
2023-02-26 21:06:27,928 INFO mapred.Task: Task 'attempt_local444974320_0001_r_000000_0' done.
2023-02-26 21:06:27,930 INFO mapred.Task: Final Counters for attempt_local444974320_0001_r_000000_0: Counters: 24
	File System Counters
		FILE: Number of bytes read=13508
		FILE: Number of bytes written=617960
		FILE: Number of read operations=0
		FILE: Number of large read operations=0
		FILE: Number of write operations=0
	Map-Reduce Framework
		Combine input records=0
		Combine output records=0
		Reduce input groups=0
		Reduce shuffle bytes=6
		Reduce input records=0
		Reduce output records=0
		Spilled Records=0
		Shuffled Maps =1
		Failed Shuffles=0
		Merged Map outputs=1
		GC time elapsed (ms)=0
		Total committed heap usage (bytes)=2109734912
	Shuffle Errors
		BAD_ID=0
		CONNECTION=0
		IO_ERROR=0
		WRONG_LENGTH=0
		WRONG_MAP=0
		WRONG_REDUCE=0
	File Output Format Counters 
		Bytes Written=8
2023-02-26 21:06:27,930 INFO mapred.LocalJobRunner: Finishing task: attempt_local444974320_0001_r_000000_0
2023-02-26 21:06:27,930 INFO mapred.LocalJobRunner: reduce task executor complete.
2023-02-26 21:06:28,754 INFO mapreduce.Job:  map 100% reduce 100%
2023-02-26 21:06:28,756 INFO mapreduce.Job: Job job_local444974320_0001 completed successfully
2023-02-26 21:06:28,783 INFO mapreduce.Job: Counters: 30
	File System Counters
		FILE: Number of bytes read=26972
		FILE: Number of bytes written=1235906
		FILE: Number of read operations=0
		FILE: Number of large read operations=0
		FILE: Number of write operations=0
	Map-Reduce Framework
		Map input records=671
		Map output records=0
		Map output bytes=0
		Map output materialized bytes=6
		Input split bytes=151
		Combine input records=0
		Combine output records=0
		Reduce input groups=0
		Reduce shuffle bytes=6
		Reduce input records=0
		Reduce output records=0
		Spilled Records=0
		Shuffled Maps =1
		Failed Shuffles=0
		Merged Map outputs=1
		GC time elapsed (ms)=0
		Total committed heap usage (bytes)=4219469824
	Shuffle Errors
		BAD_ID=0
		CONNECTION=0
		IO_ERROR=0
		WRONG_LENGTH=0
		WRONG_MAP=0
		WRONG_REDUCE=0
	File Input Format Counters 
		Bytes Read=4250
	File Output Format Counters 
		Bytes Written=8
2023-02-26 21:06:28,814 WARN impl.MetricsSystemImpl: JobTracker metrics system already initialized!
2023-02-26 21:06:29,107 WARN mapreduce.JobResourceUploader: Hadoop command-line option parsing not performed. Implement the Tool interface and execute your application with ToolRunner to remedy this.
2023-02-26 21:06:29,696 INFO input.FileInputFormat: Total input files to process : 2
2023-02-26 21:06:30,596 INFO mapreduce.JobSubmitter: number of splits:2
2023-02-26 21:06:31,058 INFO mapreduce.JobSubmitter: Submitting tokens for job: job_local48713368_0002
2023-02-26 21:06:31,058 INFO mapreduce.JobSubmitter: Executing with tokens: []
2023-02-26 21:06:31,825 INFO mapreduce.Job: The url to track the job: http://localhost:8080/
2023-02-26 21:06:31,825 INFO mapreduce.Job: Running job: job_local48713368_0002
2023-02-26 21:06:31,825 INFO mapred.LocalJobRunner: OutputCommitter set in config null
2023-02-26 21:06:31,830 INFO output.FileOutputCommitter: File Output Committer Algorithm version is 2
2023-02-26 21:06:31,831 INFO output.FileOutputCommitter: FileOutputCommitter skip cleanup _temporary folders under output directory:false, ignore cleanup failures: false
2023-02-26 21:06:31,831 INFO mapred.LocalJobRunner: OutputCommitter is org.apache.hadoop.mapreduce.lib.output.FileOutputCommitter
2023-02-26 21:06:32,263 INFO mapred.LocalJobRunner: Waiting for map tasks
2023-02-26 21:06:32,263 INFO mapred.LocalJobRunner: Starting task: attempt_local48713368_0002_m_000000_0
2023-02-26 21:06:32,267 INFO output.FileOutputCommitter: File Output Committer Algorithm version is 2
2023-02-26 21:06:32,267 INFO output.FileOutputCommitter: FileOutputCommitter skip cleanup _temporary folders under output directory:false, ignore cleanup failures: false
2023-02-26 21:06:32,268 INFO mapred.Task:  Using ResourceCalculatorProcessTree : [ ]
2023-02-26 21:06:32,273 INFO mapred.MapTask: Processing split: file:/home/n/nish-d/CodeAssignment_1_new/assign1_common_words/temp/input/task1-input1.txt:0+114799
2023-02-26 21:06:32,292 INFO mapred.MapTask: (EQUATOR) 0 kvi 26214396(104857584)
2023-02-26 21:06:32,292 INFO mapred.MapTask: mapreduce.task.io.sort.mb: 100
2023-02-26 21:06:32,292 INFO mapred.MapTask: soft limit at 83886080
2023-02-26 21:06:32,292 INFO mapred.MapTask: bufstart = 0; bufvoid = 104857600
2023-02-26 21:06:32,292 INFO mapred.MapTask: kvstart = 26214396; length = 6553600
2023-02-26 21:06:32,294 INFO mapred.MapTask: Map output collector class = org.apache.hadoop.mapred.MapTask$MapOutputBuffer
2023-02-26 21:06:32,389 INFO mapred.LocalJobRunner: 
2023-02-26 21:06:32,389 INFO mapred.MapTask: Starting flush of map output
2023-02-26 21:06:32,389 INFO mapred.MapTask: Spilling map output
2023-02-26 21:06:32,389 INFO mapred.MapTask: bufstart = 0; bufend = 176549; bufvoid = 104857600
2023-02-26 21:06:32,389 INFO mapred.MapTask: kvstart = 26214396(104857584); kvend = 26186572(104746288); length = 27825/6553600
2023-02-26 21:06:32,830 INFO mapreduce.Job: Job job_local48713368_0002 running in uber mode : false
2023-02-26 21:06:32,831 INFO mapreduce.Job:  map 0% reduce 0%
2023-02-26 21:06:33,771 INFO mapred.MapTask: Finished spill 0
2023-02-26 21:06:33,993 INFO mapred.Task: Task:attempt_local48713368_0002_m_000000_0 is done. And is in the process of committing
2023-02-26 21:06:34,000 INFO mapred.LocalJobRunner: map
2023-02-26 21:06:34,000 INFO mapred.Task: Task 'attempt_local48713368_0002_m_000000_0' done.
2023-02-26 21:06:34,002 INFO mapred.Task: Final Counters for attempt_local48713368_0002_m_000000_0: Counters: 17
	File System Counters
		FILE: Number of bytes read=138607
		FILE: Number of bytes written=1424229
		FILE: Number of read operations=0
		FILE: Number of large read operations=0
		FILE: Number of write operations=0
	Map-Reduce Framework
		Map input records=3000
		Map output records=6957
		Map output bytes=176549
		Map output materialized bytes=190469
		Input split bytes=154
		Combine input records=0
		Spilled Records=6957
		Failed Shuffles=0
		Merged Map outputs=0
		GC time elapsed (ms)=0
		Total committed heap usage (bytes)=2109734912
	File Input Format Counters 
		Bytes Read=115711
2023-02-26 21:06:34,002 INFO mapred.LocalJobRunner: Finishing task: attempt_local48713368_0002_m_000000_0
2023-02-26 21:06:34,002 INFO mapred.LocalJobRunner: Starting task: attempt_local48713368_0002_m_000001_0
2023-02-26 21:06:34,005 INFO output.FileOutputCommitter: File Output Committer Algorithm version is 2
2023-02-26 21:06:34,005 INFO output.FileOutputCommitter: FileOutputCommitter skip cleanup _temporary folders under output directory:false, ignore cleanup failures: false
2023-02-26 21:06:34,006 INFO mapred.Task:  Using ResourceCalculatorProcessTree : [ ]
2023-02-26 21:06:34,009 INFO mapred.MapTask: Processing split: file:/home/n/nish-d/CodeAssignment_1_new/assign1_common_words/temp/input/task1-input2.txt:0+38507
2023-02-26 21:06:34,091 INFO mapred.MapTask: (EQUATOR) 0 kvi 26214396(104857584)
2023-02-26 21:06:34,091 INFO mapred.MapTask: mapreduce.task.io.sort.mb: 100
2023-02-26 21:06:34,091 INFO mapred.MapTask: soft limit at 83886080
2023-02-26 21:06:34,091 INFO mapred.MapTask: bufstart = 0; bufvoid = 104857600
2023-02-26 21:06:34,091 INFO mapred.MapTask: kvstart = 26214396; length = 6553600
2023-02-26 21:06:34,092 INFO mapred.MapTask: Map output collector class = org.apache.hadoop.mapred.MapTask$MapOutputBuffer
2023-02-26 21:06:34,109 INFO mapred.LocalJobRunner: 
2023-02-26 21:06:34,109 INFO mapred.MapTask: Starting flush of map output
2023-02-26 21:06:34,109 INFO mapred.MapTask: Spilling map output
2023-02-26 21:06:34,109 INFO mapred.MapTask: bufstart = 0; bufend = 53559; bufvoid = 104857600
2023-02-26 21:06:34,109 INFO mapred.MapTask: kvstart = 26214396(104857584); kvend = 26205892(104823568); length = 8505/6553600
2023-02-26 21:06:34,252 INFO mapred.MapTask: Finished spill 0
2023-02-26 21:06:34,375 INFO mapred.Task: Task:attempt_local48713368_0002_m_000001_0 is done. And is in the process of committing
2023-02-26 21:06:34,380 INFO mapred.LocalJobRunner: map
2023-02-26 21:06:34,380 INFO mapred.Task: Task 'attempt_local48713368_0002_m_000001_0' done.
2023-02-26 21:06:34,381 INFO mapred.Task: Final Counters for attempt_local48713368_0002_m_000001_0: Counters: 17
	File System Counters
		FILE: Number of bytes read=177757
		FILE: Number of bytes written=1482080
		FILE: Number of read operations=0
		FILE: Number of large read operations=0
		FILE: Number of write operations=0
	Map-Reduce Framework
		Map input records=1000
		Map output records=2127
		Map output bytes=53559
		Map output materialized bytes=57819
		Input split bytes=154
		Combine input records=0
		Spilled Records=2127
		Failed Shuffles=0
		Merged Map outputs=0
		GC time elapsed (ms)=0
		Total committed heap usage (bytes)=2109734912
	File Input Format Counters 
		Bytes Read=38823
2023-02-26 21:06:34,382 INFO mapred.LocalJobRunner: Finishing task: attempt_local48713368_0002_m_000001_0
2023-02-26 21:06:34,382 INFO mapred.LocalJobRunner: map task executor complete.
2023-02-26 21:06:34,383 INFO mapred.LocalJobRunner: Waiting for reduce tasks
2023-02-26 21:06:34,388 INFO mapred.LocalJobRunner: Starting task: attempt_local48713368_0002_r_000000_0
2023-02-26 21:06:34,396 INFO output.FileOutputCommitter: File Output Committer Algorithm version is 2
2023-02-26 21:06:34,396 INFO output.FileOutputCommitter: FileOutputCommitter skip cleanup _temporary folders under output directory:false, ignore cleanup failures: false
2023-02-26 21:06:34,397 INFO mapred.Task:  Using ResourceCalculatorProcessTree : [ ]
2023-02-26 21:06:34,397 INFO mapred.ReduceTask: Using ShuffleConsumerPlugin: org.apache.hadoop.mapreduce.task.reduce.Shuffle@c672113
2023-02-26 21:06:34,402 WARN impl.MetricsSystemImpl: JobTracker metrics system already initialized!
2023-02-26 21:06:34,404 INFO reduce.MergeManagerImpl: The max number of bytes for a single in-memory shuffle cannot be larger than Integer.MAX_VALUE. Setting it to Integer.MAX_VALUE
2023-02-26 21:06:34,404 INFO reduce.MergeManagerImpl: MergerManager: memoryLimit=22525089792, maxSingleShuffleLimit=2147483647, mergeThreshold=14866560000, ioSortFactor=10, memToMemMergeOutputsThreshold=10
2023-02-26 21:06:34,405 INFO reduce.EventFetcher: attempt_local48713368_0002_r_000000_0 Thread started: EventFetcher for fetching Map Completion Events
2023-02-26 21:06:34,413 INFO reduce.LocalFetcher: localfetcher#2 about to shuffle output of map attempt_local48713368_0002_m_000001_0 decomp: 57815 len: 57819 to MEMORY
2023-02-26 21:06:34,417 INFO reduce.InMemoryMapOutput: Read 57815 bytes from map-output for attempt_local48713368_0002_m_000001_0
2023-02-26 21:06:34,417 INFO reduce.MergeManagerImpl: closeInMemoryFile -> map-output of size: 57815, inMemoryMapOutputs.size() -> 1, commitMemory -> 0, usedMemory ->57815
2023-02-26 21:06:34,424 INFO reduce.LocalFetcher: localfetcher#2 about to shuffle output of map attempt_local48713368_0002_m_000000_0 decomp: 190465 len: 190469 to MEMORY
2023-02-26 21:06:34,427 INFO reduce.InMemoryMapOutput: Read 190465 bytes from map-output for attempt_local48713368_0002_m_000000_0
2023-02-26 21:06:34,427 INFO reduce.MergeManagerImpl: closeInMemoryFile -> map-output of size: 190465, inMemoryMapOutputs.size() -> 2, commitMemory -> 57815, usedMemory ->248280
2023-02-26 21:06:34,427 INFO reduce.EventFetcher: EventFetcher is interrupted.. Returning
2023-02-26 21:06:34,428 INFO mapred.LocalJobRunner: 2 / 2 copied.
2023-02-26 21:06:34,428 INFO reduce.MergeManagerImpl: finalMerge called with 2 in-memory map-outputs and 0 on-disk map-outputs
2023-02-26 21:06:34,507 INFO mapred.Merger: Merging 2 sorted segments
2023-02-26 21:06:34,507 INFO mapred.Merger: Down to the last merge-pass, with 2 segments left of total size: 248262 bytes
2023-02-26 21:06:34,594 INFO reduce.MergeManagerImpl: Merged 2 segments, 248280 bytes to disk to satisfy reduce memory limit
2023-02-26 21:06:34,595 INFO reduce.MergeManagerImpl: Merging 1 files, 248282 bytes from disk
2023-02-26 21:06:34,595 INFO reduce.MergeManagerImpl: Merging 0 segments, 0 bytes from memory into reduce
2023-02-26 21:06:34,595 INFO mapred.Merger: Merging 1 sorted segments
2023-02-26 21:06:34,595 INFO mapred.Merger: Down to the last merge-pass, with 1 segments left of total size: 248268 bytes
2023-02-26 21:06:34,596 INFO mapred.LocalJobRunner: 2 / 2 copied.
2023-02-26 21:06:34,833 INFO mapreduce.Job:  map 100% reduce 0%
2023-02-26 21:06:35,007 INFO mapred.Task: Task:attempt_local48713368_0002_r_000000_0 is done. And is in the process of committing
2023-02-26 21:06:35,009 INFO mapred.LocalJobRunner: 2 / 2 copied.
2023-02-26 21:06:35,010 INFO mapred.Task: Task attempt_local48713368_0002_r_000000_0 is allowed to commit now
2023-02-26 21:06:35,159 INFO output.FileOutputCommitter: Saved output of task 'attempt_local48713368_0002_r_000000_0' to file:/home/course/cs4225/cs4225_assign/temp/assign1_inter/A0242122Y/output_intermediate_1
2023-02-26 21:06:35,160 INFO mapred.LocalJobRunner: reduce > reduce
2023-02-26 21:06:35,161 INFO mapred.Task: Task 'attempt_local48713368_0002_r_000000_0' done.
2023-02-26 21:06:35,162 INFO mapred.Task: Final Counters for attempt_local48713368_0002_r_000000_0: Counters: 24
	File System Counters
		FILE: Number of bytes read=674391
		FILE: Number of bytes written=1733566
		FILE: Number of read operations=0
		FILE: Number of large read operations=0
		FILE: Number of write operations=0
	Map-Reduce Framework
		Combine input records=0
		Combine output records=0
		Reduce input groups=4312
		Reduce shuffle bytes=248288
		Reduce input records=9084
		Reduce output records=328
		Spilled Records=9084
		Shuffled Maps =2
		Failed Shuffles=0
		Merged Map outputs=2
		GC time elapsed (ms)=0
		Total committed heap usage (bytes)=2109734912
	Shuffle Errors
		BAD_ID=0
		CONNECTION=0
		IO_ERROR=0
		WRONG_LENGTH=0
		WRONG_MAP=0
		WRONG_REDUCE=0
	File Output Format Counters 
		Bytes Written=3204
2023-02-26 21:06:35,162 INFO mapred.LocalJobRunner: Finishing task: attempt_local48713368_0002_r_000000_0
2023-02-26 21:06:35,162 INFO mapred.LocalJobRunner: reduce task executor complete.
2023-02-26 21:06:35,833 INFO mapreduce.Job:  map 100% reduce 100%
2023-02-26 21:06:36,835 INFO mapreduce.Job: Job job_local48713368_0002 completed successfully
2023-02-26 21:06:36,851 INFO mapreduce.Job: Counters: 30
	File System Counters
		FILE: Number of bytes read=990755
		FILE: Number of bytes written=4639875
		FILE: Number of read operations=0
		FILE: Number of large read operations=0
		FILE: Number of write operations=0
	Map-Reduce Framework
		Map input records=4000
		Map output records=9084
		Map output bytes=230108
		Map output materialized bytes=248288
		Input split bytes=308
		Combine input records=0
		Combine output records=0
		Reduce input groups=4312
		Reduce shuffle bytes=248288
		Reduce input records=9084
		Reduce output records=328
		Spilled Records=18168
		Shuffled Maps =2
		Failed Shuffles=0
		Merged Map outputs=2
		GC time elapsed (ms)=0
		Total committed heap usage (bytes)=6329204736
	Shuffle Errors
		BAD_ID=0
		CONNECTION=0
		IO_ERROR=0
		WRONG_LENGTH=0
		WRONG_MAP=0
		WRONG_REDUCE=0
	File Input Format Counters 
		Bytes Read=154534
	File Output Format Counters 
		Bytes Written=3204
2023-02-26 21:06:36,892 WARN impl.MetricsSystemImpl: JobTracker metrics system already initialized!
2023-02-26 21:06:37,110 WARN mapreduce.JobResourceUploader: Hadoop command-line option parsing not performed. Implement the Tool interface and execute your application with ToolRunner to remedy this.
2023-02-26 21:06:37,657 INFO input.FileInputFormat: Total input files to process : 1
2023-02-26 21:06:38,545 INFO mapreduce.JobSubmitter: number of splits:1
2023-02-26 21:06:39,061 INFO mapreduce.JobSubmitter: Submitting tokens for job: job_local503291376_0003
2023-02-26 21:06:39,061 INFO mapreduce.JobSubmitter: Executing with tokens: []
2023-02-26 21:06:39,700 INFO mapreduce.Job: The url to track the job: http://localhost:8080/
2023-02-26 21:06:39,700 INFO mapreduce.Job: Running job: job_local503291376_0003
2023-02-26 21:06:39,701 INFO mapred.LocalJobRunner: OutputCommitter set in config null
2023-02-26 21:06:39,701 INFO output.FileOutputCommitter: File Output Committer Algorithm version is 2
2023-02-26 21:06:39,701 INFO output.FileOutputCommitter: FileOutputCommitter skip cleanup _temporary folders under output directory:false, ignore cleanup failures: false
2023-02-26 21:06:39,702 INFO mapred.LocalJobRunner: OutputCommitter is org.apache.hadoop.mapreduce.lib.output.FileOutputCommitter
2023-02-26 21:06:40,098 INFO mapred.LocalJobRunner: Waiting for map tasks
2023-02-26 21:06:40,099 INFO mapred.LocalJobRunner: Starting task: attempt_local503291376_0003_m_000000_0
2023-02-26 21:06:40,104 INFO output.FileOutputCommitter: File Output Committer Algorithm version is 2
2023-02-26 21:06:40,104 INFO output.FileOutputCommitter: FileOutputCommitter skip cleanup _temporary folders under output directory:false, ignore cleanup failures: false
2023-02-26 21:06:40,106 INFO mapred.Task:  Using ResourceCalculatorProcessTree : [ ]
2023-02-26 21:06:40,111 INFO mapred.MapTask: Processing split: file:/home/course/cs4225/cs4225_assign/temp/assign1_inter/A0242122Y/output_intermediate_1/part-r-00000:0+3168
2023-02-26 21:06:40,193 INFO mapred.MapTask: (EQUATOR) 0 kvi 26214396(104857584)
2023-02-26 21:06:40,193 INFO mapred.MapTask: mapreduce.task.io.sort.mb: 100
2023-02-26 21:06:40,193 INFO mapred.MapTask: soft limit at 83886080
2023-02-26 21:06:40,193 INFO mapred.MapTask: bufstart = 0; bufvoid = 104857600
2023-02-26 21:06:40,193 INFO mapred.MapTask: kvstart = 26214396; length = 6553600
2023-02-26 21:06:40,194 INFO mapred.MapTask: Map output collector class = org.apache.hadoop.mapred.MapTask$MapOutputBuffer
2023-02-26 21:06:40,201 INFO mapred.LocalJobRunner: 
2023-02-26 21:06:40,201 INFO mapred.MapTask: Starting flush of map output
2023-02-26 21:06:40,201 INFO mapred.MapTask: Spilling map output
2023-02-26 21:06:40,201 INFO mapred.MapTask: bufstart = 0; bufend = 841; bufvoid = 104857600
2023-02-26 21:06:40,201 INFO mapred.MapTask: kvstart = 26214396(104857584); kvend = 26214096(104856384); length = 301/6553600
2023-02-26 21:06:40,247 INFO mapred.MapTask: Finished spill 0
2023-02-26 21:06:40,260 INFO mapred.Task: Task:attempt_local503291376_0003_m_000000_0 is done. And is in the process of committing
2023-02-26 21:06:40,263 INFO mapred.LocalJobRunner: map
2023-02-26 21:06:40,263 INFO mapred.Task: Task 'attempt_local503291376_0003_m_000000_0' done.
2023-02-26 21:06:40,263 INFO mapred.Task: Final Counters for attempt_local503291376_0003_m_000000_0: Counters: 17
	File System Counters
		FILE: Number of bytes read=686829
		FILE: Number of bytes written=2352921
		FILE: Number of read operations=0
		FILE: Number of large read operations=0
		FILE: Number of write operations=0
	Map-Reduce Framework
		Map input records=328
		Map output records=76
		Map output bytes=841
		Map output materialized bytes=999
		Input split bytes=167
		Combine input records=0
		Spilled Records=76
		Failed Shuffles=0
		Merged Map outputs=0
		GC time elapsed (ms)=0
		Total committed heap usage (bytes)=2109734912
	File Input Format Counters 
		Bytes Read=3208
2023-02-26 21:06:40,263 INFO mapred.LocalJobRunner: Finishing task: attempt_local503291376_0003_m_000000_0
2023-02-26 21:06:40,263 INFO mapred.LocalJobRunner: map task executor complete.
2023-02-26 21:06:40,264 INFO mapred.LocalJobRunner: Waiting for reduce tasks
2023-02-26 21:06:40,265 INFO mapred.LocalJobRunner: Starting task: attempt_local503291376_0003_r_000000_0
2023-02-26 21:06:40,267 INFO output.FileOutputCommitter: File Output Committer Algorithm version is 2
2023-02-26 21:06:40,267 INFO output.FileOutputCommitter: FileOutputCommitter skip cleanup _temporary folders under output directory:false, ignore cleanup failures: false
2023-02-26 21:06:40,268 INFO mapred.Task:  Using ResourceCalculatorProcessTree : [ ]
2023-02-26 21:06:40,268 INFO mapred.ReduceTask: Using ShuffleConsumerPlugin: org.apache.hadoop.mapreduce.task.reduce.Shuffle@7650f9ec
2023-02-26 21:06:40,268 WARN impl.MetricsSystemImpl: JobTracker metrics system already initialized!
2023-02-26 21:06:40,270 INFO reduce.MergeManagerImpl: The max number of bytes for a single in-memory shuffle cannot be larger than Integer.MAX_VALUE. Setting it to Integer.MAX_VALUE
2023-02-26 21:06:40,270 INFO reduce.MergeManagerImpl: MergerManager: memoryLimit=22525089792, maxSingleShuffleLimit=2147483647, mergeThreshold=14866560000, ioSortFactor=10, memToMemMergeOutputsThreshold=10
2023-02-26 21:06:40,271 INFO reduce.EventFetcher: attempt_local503291376_0003_r_000000_0 Thread started: EventFetcher for fetching Map Completion Events
2023-02-26 21:06:40,281 INFO reduce.LocalFetcher: localfetcher#3 about to shuffle output of map attempt_local503291376_0003_m_000000_0 decomp: 995 len: 999 to MEMORY
2023-02-26 21:06:40,282 INFO reduce.InMemoryMapOutput: Read 995 bytes from map-output for attempt_local503291376_0003_m_000000_0
2023-02-26 21:06:40,282 INFO reduce.MergeManagerImpl: closeInMemoryFile -> map-output of size: 995, inMemoryMapOutputs.size() -> 1, commitMemory -> 0, usedMemory ->995
2023-02-26 21:06:40,283 INFO reduce.EventFetcher: EventFetcher is interrupted.. Returning
2023-02-26 21:06:40,283 INFO mapred.LocalJobRunner: 1 / 1 copied.
2023-02-26 21:06:40,284 INFO reduce.MergeManagerImpl: finalMerge called with 1 in-memory map-outputs and 0 on-disk map-outputs
2023-02-26 21:06:40,633 INFO mapred.Merger: Merging 1 sorted segments
2023-02-26 21:06:40,633 INFO mapred.Merger: Down to the last merge-pass, with 1 segments left of total size: 989 bytes
2023-02-26 21:06:40,701 INFO mapreduce.Job: Job job_local503291376_0003 running in uber mode : false
2023-02-26 21:06:40,701 INFO mapreduce.Job:  map 100% reduce 0%
2023-02-26 21:06:40,973 INFO reduce.MergeManagerImpl: Merged 1 segments, 995 bytes to disk to satisfy reduce memory limit
2023-02-26 21:06:40,974 INFO reduce.MergeManagerImpl: Merging 1 files, 999 bytes from disk
2023-02-26 21:06:40,974 INFO reduce.MergeManagerImpl: Merging 0 segments, 0 bytes from memory into reduce
2023-02-26 21:06:40,974 INFO mapred.Merger: Merging 1 sorted segments
2023-02-26 21:06:40,976 INFO mapred.Merger: Down to the last merge-pass, with 1 segments left of total size: 989 bytes
2023-02-26 21:06:40,977 INFO mapred.LocalJobRunner: 1 / 1 copied.
2023-02-26 21:06:41,424 INFO mapred.Task: Task:attempt_local503291376_0003_r_000000_0 is done. And is in the process of committing
2023-02-26 21:06:41,426 INFO mapred.LocalJobRunner: 1 / 1 copied.
2023-02-26 21:06:41,426 INFO mapred.Task: Task attempt_local503291376_0003_r_000000_0 is allowed to commit now
2023-02-26 21:06:41,506 INFO output.FileOutputCommitter: Saved output of task 'attempt_local503291376_0003_r_000000_0' to file:/home/n/nish-d/CodeAssignment_1_new/assign1_common_words/temp/output
2023-02-26 21:06:41,507 INFO mapred.LocalJobRunner: reduce > reduce
2023-02-26 21:06:41,507 INFO mapred.Task: Task 'attempt_local503291376_0003_r_000000_0' done.
2023-02-26 21:06:41,507 INFO mapred.Task: Final Counters for attempt_local503291376_0003_r_000000_0: Counters: 24
	File System Counters
		FILE: Number of bytes read=688859
		FILE: Number of bytes written=2354020
		FILE: Number of read operations=0
		FILE: Number of large read operations=0
		FILE: Number of write operations=0
	Map-Reduce Framework
		Combine input records=0
		Combine output records=0
		Reduce input groups=10
		Reduce shuffle bytes=999
		Reduce input records=76
		Reduce output records=10
		Spilled Records=76
		Shuffled Maps =1
		Failed Shuffles=0
		Merged Map outputs=1
		GC time elapsed (ms)=0
		Total committed heap usage (bytes)=2109734912
	Shuffle Errors
		BAD_ID=0
		CONNECTION=0
		IO_ERROR=0
		WRONG_LENGTH=0
		WRONG_MAP=0
		WRONG_REDUCE=0
	File Output Format Counters 
		Bytes Written=100
2023-02-26 21:06:41,507 INFO mapred.LocalJobRunner: Finishing task: attempt_local503291376_0003_r_000000_0
2023-02-26 21:06:41,507 INFO mapred.LocalJobRunner: reduce task executor complete.
2023-02-26 21:06:41,702 INFO mapreduce.Job:  map 100% reduce 100%
2023-02-26 21:06:42,704 INFO mapreduce.Job: Job job_local503291376_0003 completed successfully
2023-02-26 21:06:42,713 INFO mapreduce.Job: Counters: 30
	File System Counters
		FILE: Number of bytes read=1375688
		FILE: Number of bytes written=4706941
		FILE: Number of read operations=0
		FILE: Number of large read operations=0
		FILE: Number of write operations=0
	Map-Reduce Framework
		Map input records=328
		Map output records=76
		Map output bytes=841
		Map output materialized bytes=999
		Input split bytes=167
		Combine input records=0
		Combine output records=0
		Reduce input groups=10
		Reduce shuffle bytes=999
		Reduce input records=76
		Reduce output records=10
		Spilled Records=152
		Shuffled Maps =1
		Failed Shuffles=0
		Merged Map outputs=1
		GC time elapsed (ms)=0
		Total committed heap usage (bytes)=4219469824
	Shuffle Errors
		BAD_ID=0
		CONNECTION=0
		IO_ERROR=0
		WRONG_LENGTH=0
		WRONG_MAP=0
		WRONG_REDUCE=0
	File Input Format Counters 
		Bytes Read=3208
	File Output Format Counters 
		Bytes Written=100
Job finished. Print Top 10 words.
17	There
11	great
10	things
8	thing
7	course
6	course,
6	people
6	woman
5	place
5	three
Test Passed
